mode: atomic
github.com/iamharvey/regi/internal/pkg/data/data.go:26.27,28.16 2 1
github.com/iamharvey/regi/internal/pkg/data/data.go:32.2,32.21 1 1
github.com/iamharvey/regi/internal/pkg/data/data.go:28.16,30.3 1 0
github.com/iamharvey/regi/internal/pkg/data/data.go:45.44,48.16 2 0
github.com/iamharvey/regi/internal/pkg/data/data.go:51.2,55.16 3 0
github.com/iamharvey/regi/internal/pkg/data/data.go:59.2,59.20 1 0
github.com/iamharvey/regi/internal/pkg/data/data.go:63.2,65.31 2 0
github.com/iamharvey/regi/internal/pkg/data/data.go:72.2,72.102 1 0
github.com/iamharvey/regi/internal/pkg/data/data.go:48.16,50.3 1 0
github.com/iamharvey/regi/internal/pkg/data/data.go:55.16,57.3 1 0
github.com/iamharvey/regi/internal/pkg/data/data.go:59.20,62.3 1 0
github.com/iamharvey/regi/internal/pkg/data/data.go:65.31,67.56 2 0
github.com/iamharvey/regi/internal/pkg/data/data.go:67.56,69.4 1 0
github.com/iamharvey/regi/internal/pkg/data/data.go:76.43,81.16 3 0
github.com/iamharvey/regi/internal/pkg/data/data.go:85.2,85.20 1 0
github.com/iamharvey/regi/internal/pkg/data/data.go:89.2,91.25 2 0
github.com/iamharvey/regi/internal/pkg/data/data.go:100.2,100.24 1 0
github.com/iamharvey/regi/internal/pkg/data/data.go:81.16,83.3 1 0
github.com/iamharvey/regi/internal/pkg/data/data.go:85.20,88.3 1 0
github.com/iamharvey/regi/internal/pkg/data/data.go:91.25,94.17 3 0
github.com/iamharvey/regi/internal/pkg/data/data.go:97.3,97.39 1 0
github.com/iamharvey/regi/internal/pkg/data/data.go:94.17,96.4 1 0
github.com/iamharvey/regi/internal/pkg/data/data.go:104.51,107.16 2 0
github.com/iamharvey/regi/internal/pkg/data/data.go:111.2,111.20 1 0
github.com/iamharvey/regi/internal/pkg/data/data.go:115.2,117.31 2 0
github.com/iamharvey/regi/internal/pkg/data/data.go:124.2,124.17 1 0
github.com/iamharvey/regi/internal/pkg/data/data.go:107.16,109.3 1 0
github.com/iamharvey/regi/internal/pkg/data/data.go:111.20,114.3 1 0
github.com/iamharvey/regi/internal/pkg/data/data.go:117.31,119.53 2 0
github.com/iamharvey/regi/internal/pkg/data/data.go:119.53,121.4 1 0
github.com/iamharvey/regi/internal/pkg/data/data.go:128.38,130.2 1 0
github.com/iamharvey/regi/internal/pkg/data/data.go:133.81,135.16 2 0
github.com/iamharvey/regi/internal/pkg/data/data.go:139.2,140.20 2 0
github.com/iamharvey/regi/internal/pkg/data/data.go:144.2,145.31 2 0
github.com/iamharvey/regi/internal/pkg/data/data.go:153.2,153.12 1 0
github.com/iamharvey/regi/internal/pkg/data/data.go:170.2,170.19 1 0
github.com/iamharvey/regi/internal/pkg/data/data.go:135.16,137.3 1 0
github.com/iamharvey/regi/internal/pkg/data/data.go:140.20,142.3 1 0
github.com/iamharvey/regi/internal/pkg/data/data.go:145.31,147.24 2 0
github.com/iamharvey/regi/internal/pkg/data/data.go:147.24,149.9 2 0
github.com/iamharvey/regi/internal/pkg/data/data.go:153.12,163.17 3 0
github.com/iamharvey/regi/internal/pkg/data/data.go:167.3,167.19 1 0
github.com/iamharvey/regi/internal/pkg/data/data.go:163.17,165.4 1 0
github.com/iamharvey/regi/internal/pkg/data/data.go:174.65,182.17 7 0
github.com/iamharvey/regi/internal/pkg/data/data.go:185.2,187.19 2 0
github.com/iamharvey/regi/internal/pkg/data/data.go:190.2,192.17 2 0
github.com/iamharvey/regi/internal/pkg/data/data.go:196.2,196.17 1 0
github.com/iamharvey/regi/internal/pkg/data/data.go:200.2,200.17 1 0
github.com/iamharvey/regi/internal/pkg/data/data.go:204.2,204.16 1 0
github.com/iamharvey/regi/internal/pkg/data/data.go:182.17,184.3 1 0
github.com/iamharvey/regi/internal/pkg/data/data.go:187.19,189.3 1 0
github.com/iamharvey/regi/internal/pkg/data/data.go:192.17,194.3 1 0
github.com/iamharvey/regi/internal/pkg/data/data.go:196.17,198.3 1 0
github.com/iamharvey/regi/internal/pkg/data/data.go:200.17,202.3 1 0
github.com/iamharvey/regi/internal/pkg/data/data.go:207.31,209.16 2 1
github.com/iamharvey/regi/internal/pkg/data/data.go:213.2,213.48 1 1
github.com/iamharvey/regi/internal/pkg/data/data.go:209.16,211.3 1 0
