mode: atomic
github.com/iamharvey/regi/internal/pkg/data/data.go:26.27,28.16 2 1
github.com/iamharvey/regi/internal/pkg/data/data.go:32.2,32.21 1 1
github.com/iamharvey/regi/internal/pkg/data/data.go:28.16,30.3 1 0
github.com/iamharvey/regi/internal/pkg/data/data.go:45.44,48.16 2 0
github.com/iamharvey/regi/internal/pkg/data/data.go:51.2,55.16 3 0
github.com/iamharvey/regi/internal/pkg/data/data.go:59.2,59.20 1 0
github.com/iamharvey/regi/internal/pkg/data/data.go:63.2,65.31 2 0
github.com/iamharvey/regi/internal/pkg/data/data.go:72.2,72.102 1 0
github.com/iamharvey/regi/internal/pkg/data/data.go:48.16,50.3 1 0
github.com/iamharvey/regi/internal/pkg/data/data.go:55.16,57.3 1 0
github.com/iamharvey/regi/internal/pkg/data/data.go:59.20,62.3 1 0
github.com/iamharvey/regi/internal/pkg/data/data.go:65.31,67.56 2 0
github.com/iamharvey/regi/internal/pkg/data/data.go:67.56,69.4 1 0
github.com/iamharvey/regi/internal/pkg/data/data.go:76.43,81.16 3 0
github.com/iamharvey/regi/internal/pkg/data/data.go:85.2,85.20 1 0
github.com/iamharvey/regi/internal/pkg/data/data.go:89.2,91.25 2 0
github.com/iamharvey/regi/internal/pkg/data/data.go:100.2,100.24 1 0
github.com/iamharvey/regi/internal/pkg/data/data.go:81.16,83.3 1 0
github.com/iamharvey/regi/internal/pkg/data/data.go:85.20,88.3 1 0
github.com/iamharvey/regi/internal/pkg/data/data.go:91.25,94.17 3 0
github.com/iamharvey/regi/internal/pkg/data/data.go:97.3,97.39 1 0
github.com/iamharvey/regi/internal/pkg/data/data.go:94.17,96.4 1 0
github.com/iamharvey/regi/internal/pkg/data/data.go:104.51,107.16 2 0
github.com/iamharvey/regi/internal/pkg/data/data.go:111.2,111.20 1 0
github.com/iamharvey/regi/internal/pkg/data/data.go:115.2,117.31 2 0
github.com/iamharvey/regi/internal/pkg/data/data.go:124.2,124.17 1 0
github.com/iamharvey/regi/internal/pkg/data/data.go:107.16,109.3 1 0
github.com/iamharvey/regi/internal/pkg/data/data.go:111.20,114.3 1 0
github.com/iamharvey/regi/internal/pkg/data/data.go:117.31,119.53 2 0
github.com/iamharvey/regi/internal/pkg/data/data.go:119.53,121.4 1 0
github.com/iamharvey/regi/internal/pkg/data/data.go:128.38,130.2 1 0
github.com/iamharvey/regi/internal/pkg/data/data.go:133.81,137.20 3 0
github.com/iamharvey/regi/internal/pkg/data/data.go:141.2,142.31 2 0
github.com/iamharvey/regi/internal/pkg/data/data.go:150.2,150.12 1 0
github.com/iamharvey/regi/internal/pkg/data/data.go:167.2,167.19 1 0
github.com/iamharvey/regi/internal/pkg/data/data.go:137.20,139.3 1 0
github.com/iamharvey/regi/internal/pkg/data/data.go:142.31,144.24 2 0
github.com/iamharvey/regi/internal/pkg/data/data.go:144.24,146.9 2 0
github.com/iamharvey/regi/internal/pkg/data/data.go:150.12,160.17 3 0
github.com/iamharvey/regi/internal/pkg/data/data.go:164.3,164.19 1 0
github.com/iamharvey/regi/internal/pkg/data/data.go:160.17,162.4 1 0
github.com/iamharvey/regi/internal/pkg/data/data.go:171.65,179.17 7 0
github.com/iamharvey/regi/internal/pkg/data/data.go:182.2,184.19 2 0
github.com/iamharvey/regi/internal/pkg/data/data.go:187.2,189.17 2 0
github.com/iamharvey/regi/internal/pkg/data/data.go:193.2,193.17 1 0
github.com/iamharvey/regi/internal/pkg/data/data.go:197.2,197.17 1 0
github.com/iamharvey/regi/internal/pkg/data/data.go:201.2,201.16 1 0
github.com/iamharvey/regi/internal/pkg/data/data.go:179.17,181.3 1 0
github.com/iamharvey/regi/internal/pkg/data/data.go:184.19,186.3 1 0
github.com/iamharvey/regi/internal/pkg/data/data.go:189.17,191.3 1 0
github.com/iamharvey/regi/internal/pkg/data/data.go:193.17,195.3 1 0
github.com/iamharvey/regi/internal/pkg/data/data.go:197.17,199.3 1 0
github.com/iamharvey/regi/internal/pkg/data/data.go:204.31,206.16 2 1
github.com/iamharvey/regi/internal/pkg/data/data.go:210.2,210.48 1 1
github.com/iamharvey/regi/internal/pkg/data/data.go:206.16,208.3 1 0
github.com/iamharvey/regi/internal/pkg/rest/result.go:11.74,13.16 2 1
github.com/iamharvey/regi/internal/pkg/rest/result.go:17.2,19.16 3 1
github.com/iamharvey/regi/internal/pkg/rest/result.go:23.2,23.15 1 1
github.com/iamharvey/regi/internal/pkg/rest/result.go:13.16,15.3 1 0
github.com/iamharvey/regi/internal/pkg/rest/result.go:19.16,21.3 1 0
github.com/iamharvey/regi/internal/pkg/rest/url_utils.go:11.90,12.16 1 6
github.com/iamharvey/regi/internal/pkg/rest/url_utils.go:15.2,17.62 3 6
github.com/iamharvey/regi/internal/pkg/rest/url_utils.go:33.2,35.39 2 5
github.com/iamharvey/regi/internal/pkg/rest/url_utils.go:12.16,14.3 1 0
github.com/iamharvey/regi/internal/pkg/rest/url_utils.go:17.62,19.17 2 3
github.com/iamharvey/regi/internal/pkg/rest/url_utils.go:23.3,24.17 2 3
github.com/iamharvey/regi/internal/pkg/rest/url_utils.go:28.3,28.48 1 3
github.com/iamharvey/regi/internal/pkg/rest/url_utils.go:19.17,21.4 1 1
github.com/iamharvey/regi/internal/pkg/rest/url_utils.go:24.17,26.4 1 0
github.com/iamharvey/regi/internal/pkg/rest/url_utils.go:28.48,30.4 1 1
github.com/iamharvey/regi/internal/pkg/rest/client.go:25.52,34.22 4 3
github.com/iamharvey/regi/internal/pkg/rest/client.go:42.2,43.16 2 3
github.com/iamharvey/regi/internal/pkg/rest/client.go:48.2,56.8 3 3
github.com/iamharvey/regi/internal/pkg/rest/client.go:34.22,36.17 2 0
github.com/iamharvey/regi/internal/pkg/rest/client.go:39.3,39.19 1 0
github.com/iamharvey/regi/internal/pkg/rest/client.go:36.17,38.4 1 0
github.com/iamharvey/regi/internal/pkg/rest/client.go:43.16,45.3 1 0
github.com/iamharvey/regi/internal/pkg/rest/client.go:60.45,62.2 1 1
github.com/iamharvey/regi/internal/pkg/rest/client.go:65.80,67.16 2 0
github.com/iamharvey/regi/internal/pkg/rest/client.go:71.2,81.8 3 0
github.com/iamharvey/regi/internal/pkg/rest/client.go:67.16,69.3 1 0
github.com/iamharvey/regi/internal/pkg/rest/config.go:85.44,87.2 1 0
github.com/iamharvey/regi/internal/pkg/rest/config.go:91.42,104.27 2 0
github.com/iamharvey/regi/internal/pkg/rest/config.go:107.2,107.26 1 0
github.com/iamharvey/regi/internal/pkg/rest/config.go:110.2,110.31 1 0
github.com/iamharvey/regi/internal/pkg/rest/config.go:104.27,106.3 1 0
github.com/iamharvey/regi/internal/pkg/rest/config.go:107.26,109.3 1 0
github.com/iamharvey/regi/internal/pkg/rest/request.go:28.37,33.2 1 3
github.com/iamharvey/regi/internal/pkg/rest/request.go:36.46,39.2 2 3
github.com/iamharvey/regi/internal/pkg/rest/request.go:42.67,45.2 2 2
github.com/iamharvey/regi/internal/pkg/rest/request.go:48.57,51.2 2 2
github.com/iamharvey/regi/internal/pkg/rest/request.go:54.48,60.24 2 1
github.com/iamharvey/regi/internal/pkg/rest/request.go:64.2,64.19 1 1
github.com/iamharvey/regi/internal/pkg/rest/request.go:71.2,75.26 4 1
github.com/iamharvey/regi/internal/pkg/rest/request.go:79.2,79.25 1 1
github.com/iamharvey/regi/internal/pkg/rest/request.go:83.2,83.16 1 1
github.com/iamharvey/regi/internal/pkg/rest/request.go:86.2,86.25 1 1
github.com/iamharvey/regi/internal/pkg/rest/request.go:60.24,62.3 1 0
github.com/iamharvey/regi/internal/pkg/rest/request.go:64.19,66.17 2 0
github.com/iamharvey/regi/internal/pkg/rest/request.go:66.17,68.4 1 0
github.com/iamharvey/regi/internal/pkg/rest/request.go:75.26,77.3 1 1
github.com/iamharvey/regi/internal/pkg/rest/request.go:79.25,81.3 1 0
github.com/iamharvey/regi/internal/pkg/rest/request.go:83.16,85.3 1 0
github.com/iamharvey/regi/internal/pkg/rest/request.go:90.45,93.32 3 0
github.com/iamharvey/regi/internal/pkg/rest/request.go:101.2,101.10 1 0
github.com/iamharvey/regi/internal/pkg/rest/request.go:93.32,94.12 1 0
github.com/iamharvey/regi/internal/pkg/rest/request.go:94.12,97.4 2 0
github.com/iamharvey/regi/internal/pkg/rest/request.go:97.9,99.4 1 0
github.com/iamharvey/regi/internal/pkg/rest/request.go:104.53,106.16 2 0
github.com/iamharvey/regi/internal/pkg/rest/request.go:109.2,109.39 1 0
github.com/iamharvey/regi/internal/pkg/rest/request.go:106.16,108.3 1 0
github.com/iamharvey/regi/internal/command/login.go:23.71,25.16 2 1
github.com/iamharvey/regi/internal/command/login.go:28.2,31.8 1 1
github.com/iamharvey/regi/internal/command/login.go:25.16,27.3 1 0
github.com/iamharvey/regi/internal/command/login.go:35.53,37.16 2 1
github.com/iamharvey/regi/internal/command/login.go:42.2,46.48 1 1
github.com/iamharvey/regi/internal/command/login.go:51.2,51.12 1 1
github.com/iamharvey/regi/internal/command/login.go:37.16,39.3 1 0
github.com/iamharvey/regi/internal/command/login.go:46.48,48.4 1 1
github.com/iamharvey/regi/internal/command/login.go:55.47,57.16 2 1
github.com/iamharvey/regi/internal/command/login.go:61.2,72.16 4 1
github.com/iamharvey/regi/internal/command/login.go:76.2,78.12 2 1
github.com/iamharvey/regi/internal/command/login.go:57.16,59.3 1 0
github.com/iamharvey/regi/internal/command/login.go:72.16,74.3 1 0
github.com/iamharvey/regi/internal/command/root.go:26.38,48.2 5 0
github.com/iamharvey/regi/internal/command/root.go:51.46,53.2 1 0
github.com/iamharvey/regi/internal/command/test_helper.go:9.85,12.2 2 9
github.com/iamharvey/regi/internal/command/test_helper.go:15.104,24.2 6 9
github.com/iamharvey/regi/internal/command/context.go:50.75,52.16 2 1
github.com/iamharvey/regi/internal/command/context.go:55.2,58.8 1 1
github.com/iamharvey/regi/internal/command/context.go:52.16,54.3 1 0
github.com/iamharvey/regi/internal/command/context.go:62.55,64.16 2 1
github.com/iamharvey/regi/internal/command/context.go:69.2,83.48 2 1
github.com/iamharvey/regi/internal/command/context.go:89.2,93.48 1 1
github.com/iamharvey/regi/internal/command/context.go:99.2,103.48 1 1
github.com/iamharvey/regi/internal/command/context.go:109.2,113.48 1 1
github.com/iamharvey/regi/internal/command/context.go:119.2,135.12 12 1
github.com/iamharvey/regi/internal/command/context.go:64.16,66.3 1 0
github.com/iamharvey/regi/internal/command/context.go:83.48,85.4 1 1
github.com/iamharvey/regi/internal/command/context.go:93.48,95.4 1 1
github.com/iamharvey/regi/internal/command/context.go:103.48,105.4 1 1
github.com/iamharvey/regi/internal/command/context.go:113.48,115.4 1 1
github.com/iamharvey/regi/internal/command/context.go:139.48,142.16 2 1
github.com/iamharvey/regi/internal/command/context.go:147.2,148.16 2 1
github.com/iamharvey/regi/internal/command/context.go:153.2,154.26 2 1
github.com/iamharvey/regi/internal/command/context.go:159.2,159.31 1 1
github.com/iamharvey/regi/internal/command/context.go:168.2,168.12 1 1
github.com/iamharvey/regi/internal/command/context.go:142.16,144.3 1 0
github.com/iamharvey/regi/internal/command/context.go:148.16,150.3 1 0
github.com/iamharvey/regi/internal/command/context.go:154.26,157.3 2 0
github.com/iamharvey/regi/internal/command/context.go:159.31,162.29 2 48
github.com/iamharvey/regi/internal/command/context.go:165.3,165.59 1 48
github.com/iamharvey/regi/internal/command/context.go:162.29,164.4 1 1
github.com/iamharvey/regi/internal/command/context.go:172.80,175.20 2 1
github.com/iamharvey/regi/internal/command/context.go:179.2,182.16 3 1
github.com/iamharvey/regi/internal/command/context.go:186.2,186.16 1 1
github.com/iamharvey/regi/internal/command/context.go:191.2,192.16 2 1
github.com/iamharvey/regi/internal/command/context.go:196.2,198.12 2 1
github.com/iamharvey/regi/internal/command/context.go:175.20,177.3 1 0
github.com/iamharvey/regi/internal/command/context.go:182.16,184.3 1 0
github.com/iamharvey/regi/internal/command/context.go:186.16,188.3 1 0
github.com/iamharvey/regi/internal/command/context.go:192.16,194.3 1 0
github.com/iamharvey/regi/internal/command/context.go:202.80,206.23 3 1
github.com/iamharvey/regi/internal/command/context.go:211.2,212.16 2 1
github.com/iamharvey/regi/internal/command/context.go:216.2,216.16 1 1
github.com/iamharvey/regi/internal/command/context.go:221.2,227.12 2 1
github.com/iamharvey/regi/internal/command/context.go:206.23,208.3 1 0
github.com/iamharvey/regi/internal/command/context.go:212.16,214.3 1 0
github.com/iamharvey/regi/internal/command/context.go:216.16,218.3 1 0
github.com/iamharvey/regi/internal/command/context.go:231.65,234.16 2 1
github.com/iamharvey/regi/internal/command/context.go:239.2,240.16 2 1
github.com/iamharvey/regi/internal/command/context.go:245.2,246.16 2 1
github.com/iamharvey/regi/internal/command/context.go:251.2,252.16 2 1
github.com/iamharvey/regi/internal/command/context.go:257.2,258.16 2 1
github.com/iamharvey/regi/internal/command/context.go:263.2,264.16 2 1
github.com/iamharvey/regi/internal/command/context.go:268.2,268.9 1 1
github.com/iamharvey/regi/internal/command/context.go:272.2,279.12 2 1
github.com/iamharvey/regi/internal/command/context.go:234.16,236.3 1 0
github.com/iamharvey/regi/internal/command/context.go:240.16,242.3 1 0
github.com/iamharvey/regi/internal/command/context.go:246.16,248.3 1 0
github.com/iamharvey/regi/internal/command/context.go:252.16,254.3 1 0
github.com/iamharvey/regi/internal/command/context.go:258.16,260.3 1 0
github.com/iamharvey/regi/internal/command/context.go:264.16,266.3 1 0
github.com/iamharvey/regi/internal/command/context.go:268.9,270.3 1 0
github.com/iamharvey/regi/internal/command/image.go:45.72,47.16 2 1
github.com/iamharvey/regi/internal/command/image.go:50.2,53.8 1 1
github.com/iamharvey/regi/internal/command/image.go:47.16,49.3 1 0
github.com/iamharvey/regi/internal/command/image.go:57.54,59.16 2 1
github.com/iamharvey/regi/internal/command/image.go:64.2,77.48 2 1
github.com/iamharvey/regi/internal/command/image.go:83.2,87.48 1 1
github.com/iamharvey/regi/internal/command/image.go:93.2,97.48 1 1
github.com/iamharvey/regi/internal/command/image.go:103.2,108.48 1 1
github.com/iamharvey/regi/internal/command/image.go:113.2,119.12 6 1
github.com/iamharvey/regi/internal/command/image.go:59.16,61.3 1 0
github.com/iamharvey/regi/internal/command/image.go:77.48,79.4 1 1
github.com/iamharvey/regi/internal/command/image.go:87.48,89.4 1 1
github.com/iamharvey/regi/internal/command/image.go:97.48,99.4 1 1
github.com/iamharvey/regi/internal/command/image.go:108.48,110.4 1 1
github.com/iamharvey/regi/internal/command/image.go:123.64,125.16 2 1
github.com/iamharvey/regi/internal/command/image.go:130.2,131.16 2 1
github.com/iamharvey/regi/internal/command/image.go:136.2,147.16 3 1
github.com/iamharvey/regi/internal/command/image.go:152.2,155.16 2 1
github.com/iamharvey/regi/internal/command/image.go:158.2,162.16 3 1
github.com/iamharvey/regi/internal/command/image.go:167.2,168.60 2 1
github.com/iamharvey/regi/internal/command/image.go:208.2,208.12 1 1
github.com/iamharvey/regi/internal/command/image.go:125.16,127.3 1 0
github.com/iamharvey/regi/internal/command/image.go:131.16,133.3 1 0
github.com/iamharvey/regi/internal/command/image.go:147.16,149.3 1 0
github.com/iamharvey/regi/internal/command/image.go:155.16,157.3 1 0
github.com/iamharvey/regi/internal/command/image.go:162.16,164.3 1 0
github.com/iamharvey/regi/internal/command/image.go:168.60,172.15 2 1
github.com/iamharvey/regi/internal/command/image.go:205.3,205.16 1 1
github.com/iamharvey/regi/internal/command/image.go:172.15,184.18 3 1
github.com/iamharvey/regi/internal/command/image.go:188.4,191.18 2 1
github.com/iamharvey/regi/internal/command/image.go:195.4,196.18 2 1
github.com/iamharvey/regi/internal/command/image.go:200.4,202.35 2 1
github.com/iamharvey/regi/internal/command/image.go:184.18,186.5 1 0
github.com/iamharvey/regi/internal/command/image.go:191.18,193.5 1 0
github.com/iamharvey/regi/internal/command/image.go:196.18,198.5 1 0
github.com/iamharvey/regi/internal/command/image.go:212.59,214.20 1 1
github.com/iamharvey/regi/internal/command/image.go:218.2,218.20 1 1
github.com/iamharvey/regi/internal/command/image.go:222.2,227.16 4 1
github.com/iamharvey/regi/internal/command/image.go:232.2,242.16 4 1
github.com/iamharvey/regi/internal/command/image.go:246.2,248.12 2 1
github.com/iamharvey/regi/internal/command/image.go:214.20,216.3 1 0
github.com/iamharvey/regi/internal/command/image.go:218.20,220.3 1 0
github.com/iamharvey/regi/internal/command/image.go:227.16,229.3 1 0
github.com/iamharvey/regi/internal/command/image.go:242.16,244.3 1 0
github.com/iamharvey/regi/internal/command/image.go:252.59,254.20 1 1
github.com/iamharvey/regi/internal/command/image.go:258.2,258.20 1 1
github.com/iamharvey/regi/internal/command/image.go:262.2,267.16 4 1
github.com/iamharvey/regi/internal/command/image.go:272.2,283.16 4 1
github.com/iamharvey/regi/internal/command/image.go:287.2,297.16 4 1
github.com/iamharvey/regi/internal/command/image.go:301.2,303.12 2 1
github.com/iamharvey/regi/internal/command/image.go:254.20,256.3 1 0
github.com/iamharvey/regi/internal/command/image.go:258.20,260.3 1 0
github.com/iamharvey/regi/internal/command/image.go:267.16,269.3 1 0
github.com/iamharvey/regi/internal/command/image.go:283.16,285.3 1 0
github.com/iamharvey/regi/internal/command/image.go:297.16,299.3 1 0
github.com/iamharvey/regi/internal/command/image.go:307.58,309.20 1 1
github.com/iamharvey/regi/internal/command/image.go:313.2,313.20 1 1
github.com/iamharvey/regi/internal/command/image.go:317.2,322.16 4 1
github.com/iamharvey/regi/internal/command/image.go:327.2,338.16 3 1
github.com/iamharvey/regi/internal/command/image.go:343.2,346.16 2 1
github.com/iamharvey/regi/internal/command/image.go:352.2,364.16 4 1
github.com/iamharvey/regi/internal/command/image.go:369.2,372.16 2 1
github.com/iamharvey/regi/internal/command/image.go:375.2,377.80 2 1
github.com/iamharvey/regi/internal/command/image.go:309.20,311.3 1 0
github.com/iamharvey/regi/internal/command/image.go:313.20,315.3 1 0
github.com/iamharvey/regi/internal/command/image.go:322.16,324.3 1 0
github.com/iamharvey/regi/internal/command/image.go:338.16,340.3 1 0
github.com/iamharvey/regi/internal/command/image.go:346.16,348.3 1 0
github.com/iamharvey/regi/internal/command/image.go:364.16,366.3 1 0
github.com/iamharvey/regi/internal/command/image.go:372.16,374.3 1 0
github.com/iamharvey/regi/internal/command/image.go:377.80,380.3 2 1
github.com/iamharvey/regi/internal/command/image.go:380.8,384.3 1 0
